0 verbose cli /usr/local/bin/node /usr/local/bin/npm
1 info using npm@8.7.0
2 info using node@v16.14.2
3 timing npm:load:whichnode Completed in 1ms
4 timing config:load:defaults Completed in 1ms
5 timing config:load:file:/usr/local/lib/node_modules/npm/npmrc Completed in 0ms
6 timing config:load:builtin Completed in 0ms
7 timing config:load:cli Completed in 1ms
8 timing config:load:env Completed in 0ms
9 timing config:load:file:/Users/ajfunari/Github/React/teckitup/.npmrc Completed in 1ms
10 timing config:load:project Completed in 5ms
11 timing config:load:file:/Users/ajfunari/.npmrc Completed in 0ms
12 timing config:load:user Completed in 0ms
13 timing config:load:file:/usr/local/etc/npmrc Completed in 1ms
14 timing config:load:global Completed in 1ms
15 timing config:load:validate Completed in 0ms
16 timing config:load:credentials Completed in 1ms
17 timing config:load:setEnvs Completed in 0ms
18 timing config:load Completed in 11ms
19 timing npm:load:configload Completed in 11ms
20 timing npm:load:mkdirpcache Completed in 1ms
21 timing npm:load:mkdirplogs Completed in 0ms
22 verbose title npm install @react-navigation/native @react-navigation/native-stack
23 verbose argv "install" "@react-navigation/native" "@react-navigation/native-stack"
24 timing npm:load:setTitle Completed in 14ms
25 timing config:load:flatten Completed in 2ms
26 timing npm:load:display Completed in 3ms
27 verbose logfile logs-max:10 dir:/Users/ajfunari/Github/React/C:\Users\Firstname~1\AppData\Roaming\npm-cache/_logs
28 verbose logfile /Users/ajfunari/Github/React/C:\Users\Firstname~1\AppData\Roaming\npm-cache/_logs/2022-04-21T00_02_58_905Z-debug-0.log
29 timing npm:load:logFile Completed in 4ms
30 timing npm:load:timers Completed in 0ms
31 timing npm:load:configScope Completed in 0ms
32 timing npm:load Completed in 34ms
33 timing arborist:ctor Completed in 1ms
34 silly logfile done cleaning log files
35 timing idealTree:init Completed in 459ms
36 timing idealTree:userRequests Completed in 2ms
37 silly idealTree buildDeps
38 silly fetch manifest @react-navigation/native@*
39 verbose shrinkwrap failed to load node_modules/.package-lock.json out of date, updated: node_modules
40 http fetch GET 200 https://registry.npmjs.org/@react-navigation%2fnative 33ms (cache hit)
41 silly fetch manifest react@17.0.2
42 http fetch GET 200 https://registry.npmjs.org/react 545ms (cache hit)
43 silly fetch manifest react-native@0.68.1
44 http fetch GET 200 https://registry.npmjs.org/react-native 28ms (cache hit)
45 silly fetch manifest @react-navigation/native-stack@*
46 http fetch GET 200 https://registry.npmjs.org/@react-navigation%2fnative-stack 812ms (cache miss)
47 silly fetch manifest react-native-safe-area-context@>= 3.0.0
48 http fetch GET 200 https://registry.npmjs.org/react-native-safe-area-context 61ms (cache miss)
49 silly fetch manifest react-native-screens@>= 3.0.0
50 http fetch GET 200 https://registry.npmjs.org/react-native-screens 73ms (cache miss)
51 silly placeDep ROOT @react-navigation/native@6.0.10 OK for: teckitup@0.0.1 want: *
52 silly placeDep ROOT @react-navigation/native-stack@6.6.1 OK for: teckitup@0.0.1 want: *
53 silly placeDep ROOT react-native-safe-area-context@4.2.4 OK for: @react-navigation/native-stack@6.6.1 want: >= 3.0.0
54 silly placeDep ROOT react-native-screens@3.13.1 OK for: @react-navigation/native-stack@6.6.1 want: >= 3.0.0
55 silly fetch manifest @react-navigation/core@^6.2.1
56 silly fetch manifest escape-string-regexp@^4.0.0
57 silly fetch manifest nanoid@^3.1.23
58 silly fetch manifest @react-navigation/elements@^1.3.3
59 silly fetch manifest warn-once@^0.1.0
60 silly fetch manifest react-freeze@^1.0.0
61 http fetch GET 200 https://registry.npmjs.org/escape-string-regexp 136ms (cache miss)
62 http fetch GET 200 https://registry.npmjs.org/nanoid 174ms (cache miss)
63 http fetch GET 200 https://registry.npmjs.org/react-freeze 256ms (cache miss)
64 http fetch GET 200 https://registry.npmjs.org/warn-once 394ms (cache miss)
65 http fetch GET 200 https://registry.npmjs.org/@react-navigation%2fcore 578ms (cache miss)
66 http fetch GET 200 https://registry.npmjs.org/@react-navigation%2felements 639ms (cache miss)
67 timing idealTree:#root Completed in 2244ms
68 silly fetch manifest react@*
69 silly placeDep ROOT @react-navigation/core@6.2.1 OK for: @react-navigation/native@6.0.10 want: ^6.2.1
70 silly placeDep node_modules/@react-navigation/native escape-string-regexp@4.0.0 OK for: @react-navigation/native@6.0.10 want: ^4.0.0
71 silly placeDep ROOT nanoid@3.3.3 OK for: @react-navigation/native@6.0.10 want: ^3.1.23
72 silly fetch manifest @react-navigation/routers@^6.1.0
73 silly fetch manifest query-string@^7.0.0
74 silly fetch manifest react-is@^16.13.0
75 http fetch GET 200 https://registry.npmjs.org/query-string 77ms (cache miss)
76 http fetch GET 200 https://registry.npmjs.org/react-is 214ms (cache miss)
77 http fetch GET 200 https://registry.npmjs.org/@react-navigation%2frouters 389ms (cache miss)
78 timing idealTree:node_modules/@react-navigation/native Completed in 396ms
79 silly placeDep ROOT @react-navigation/routers@6.1.0 OK for: @react-navigation/core@6.2.1 want: ^6.1.0
80 silly placeDep node_modules/@react-navigation/core escape-string-regexp@4.0.0 OK for: @react-navigation/core@6.2.1 want: ^4.0.0
81 silly placeDep ROOT query-string@7.1.1 OK for: @react-navigation/core@6.2.1 want: ^7.0.0
82 silly placeDep node_modules/@react-navigation/core react-is@16.13.1 OK for: @react-navigation/core@6.2.1 want: ^16.13.0
83 silly fetch manifest filter-obj@^1.1.0
84 silly fetch manifest split-on-first@^1.0.0
85 silly fetch manifest strict-uri-encode@^2.0.0
86 http fetch GET 200 https://registry.npmjs.org/split-on-first 89ms (cache miss)
87 http fetch GET 200 https://registry.npmjs.org/filter-obj 106ms (cache miss)
88 http fetch GET 200 https://registry.npmjs.org/strict-uri-encode 108ms (cache miss)
89 timing idealTree:node_modules/@react-navigation/core Completed in 116ms
90 silly fetch manifest @react-navigation/native@^6.0.0
91 silly fetch manifest react-native@*
92 silly placeDep ROOT @react-navigation/elements@1.3.3 OK for: @react-navigation/native-stack@6.6.1 want: ^1.3.3
93 silly placeDep ROOT warn-once@0.1.0 OK for: @react-navigation/native-stack@6.6.1 want: ^0.1.0
94 timing idealTree:node_modules/@react-navigation/native-stack Completed in 7ms
95 timing idealTree:node_modules/@react-navigation/elements Completed in 0ms
96 timing idealTree:node_modules/@react-navigation/routers Completed in 0ms
97 timing idealTree:node_modules/nanoid Completed in 0ms
98 silly placeDep ROOT filter-obj@1.1.0 OK for: query-string@7.1.1 want: ^1.1.0
99 silly placeDep ROOT split-on-first@1.1.0 OK for: query-string@7.1.1 want: ^1.0.0
100 silly placeDep ROOT strict-uri-encode@2.0.0 OK for: query-string@7.1.1 want: ^2.0.0
101 timing idealTree:node_modules/query-string Completed in 4ms
102 timing idealTree:node_modules/filter-obj Completed in 0ms
103 timing idealTree:node_modules/react-native-safe-area-context Completed in 0ms
104 silly fetch manifest react@^17.0.0
105 silly placeDep ROOT react-freeze@1.0.0 OK for: react-native-screens@3.13.1 want: ^1.0.0
106 timing idealTree:node_modules/react-native-screens Completed in 10ms
107 timing idealTree:node_modules/react-freeze Completed in 0ms
108 timing idealTree:node_modules/split-on-first Completed in 0ms
109 timing idealTree:node_modules/strict-uri-encode Completed in 0ms
110 timing idealTree:node_modules/warn-once Completed in 0ms
111 timing idealTree:node_modules/@react-navigation/core/node_modules/escape-string-regexp Completed in 0ms
112 timing idealTree:node_modules/@react-navigation/core/node_modules/react-is Completed in 0ms
113 timing idealTree:node_modules/@react-navigation/native/node_modules/escape-string-regexp Completed in 0ms
114 timing idealTree:buildDeps Completed in 2779ms
115 timing idealTree:fixDepFlags Completed in 7ms
116 timing idealTree Completed in 3257ms
117 timing reify:loadTrees Completed in 3258ms
118 timing reify:diffTrees Completed in 30ms
119 silly reify moves {}
120 timing reify:retireShallow Completed in 1ms
121 timing reify:createSparse Completed in 3ms
122 timing reify:loadBundles Completed in 0ms
123 silly audit bulk request {
123 silly audit   '@ampproject/remapping': [ '2.1.2' ],
123 silly audit   '@babel/code-frame': [ '7.16.7', '7.12.11' ],
123 silly audit   '@babel/compat-data': [ '7.17.7' ],
123 silly audit   '@babel/core': [ '7.17.9' ],
123 silly audit   '@babel/generator': [ '7.17.9' ],
123 silly audit   '@babel/helper-annotate-as-pure': [ '7.16.7' ],
123 silly audit   '@babel/helper-builder-binary-assignment-operator-visitor': [ '7.16.7' ],
123 silly audit   '@babel/helper-compilation-targets': [ '7.17.7' ],
123 silly audit   '@babel/helper-create-class-features-plugin': [ '7.17.9' ],
123 silly audit   '@babel/helper-create-regexp-features-plugin': [ '7.17.0' ],
123 silly audit   '@babel/helper-define-polyfill-provider': [ '0.3.1' ],
123 silly audit   '@babel/helper-environment-visitor': [ '7.16.7' ],
123 silly audit   '@babel/helper-explode-assignable-expression': [ '7.16.7' ],
123 silly audit   '@babel/helper-function-name': [ '7.17.9' ],
123 silly audit   '@babel/helper-hoist-variables': [ '7.16.7' ],
123 silly audit   '@babel/helper-member-expression-to-functions': [ '7.17.7' ],
123 silly audit   '@babel/helper-module-imports': [ '7.16.7' ],
123 silly audit   '@babel/helper-module-transforms': [ '7.17.7' ],
123 silly audit   '@babel/helper-optimise-call-expression': [ '7.16.7' ],
123 silly audit   '@babel/helper-plugin-utils': [ '7.16.7' ],
123 silly audit   '@babel/helper-remap-async-to-generator': [ '7.16.8' ],
123 silly audit   '@babel/helper-replace-supers': [ '7.16.7' ],
123 silly audit   '@babel/helper-simple-access': [ '7.17.7' ],
123 silly audit   '@babel/helper-skip-transparent-expression-wrappers': [ '7.16.0' ],
123 silly audit   '@babel/helper-split-export-declaration': [ '7.16.7' ],
123 silly audit   '@babel/helper-validator-identifier': [ '7.16.7' ],
123 silly audit   '@babel/helper-validator-option': [ '7.16.7' ],
123 silly audit   '@babel/helper-wrap-function': [ '7.16.8' ],
123 silly audit   '@babel/helpers': [ '7.17.9' ],
123 silly audit   '@babel/highlight': [ '7.17.9' ],
123 silly audit   '@babel/parser': [ '7.17.9' ],
123 silly audit   '@babel/plugin-bugfix-safari-id-destructuring-collision-in-function-expression': [ '7.16.7' ],
123 silly audit   '@babel/plugin-bugfix-v8-spread-parameters-in-optional-chaining': [ '7.16.7' ],
123 silly audit   '@babel/plugin-proposal-async-generator-functions': [ '7.16.8' ],
123 silly audit   '@babel/plugin-proposal-class-properties': [ '7.16.7' ],
123 silly audit   '@babel/plugin-proposal-class-static-block': [ '7.17.6' ],
123 silly audit   '@babel/plugin-proposal-dynamic-import': [ '7.16.7' ],
123 silly audit   '@babel/plugin-proposal-export-default-from': [ '7.16.7' ],
123 silly audit   '@babel/plugin-proposal-export-namespace-from': [ '7.16.7' ],
123 silly audit   '@babel/plugin-proposal-json-strings': [ '7.16.7' ],
123 silly audit   '@babel/plugin-proposal-logical-assignment-operators': [ '7.16.7' ],
123 silly audit   '@babel/plugin-proposal-nullish-coalescing-operator': [ '7.16.7' ],
123 silly audit   '@babel/plugin-proposal-numeric-separator': [ '7.16.7' ],
123 silly audit   '@babel/plugin-proposal-object-rest-spread': [ '7.17.3' ],
123 silly audit   '@babel/plugin-proposal-optional-catch-binding': [ '7.16.7' ],
123 silly audit   '@babel/plugin-proposal-optional-chaining': [ '7.16.7' ],
123 silly audit   '@babel/plugin-proposal-private-methods': [ '7.16.11' ],
123 silly audit   '@babel/plugin-proposal-private-property-in-object': [ '7.16.7' ],
123 silly audit   '@babel/plugin-proposal-unicode-property-regex': [ '7.16.7' ],
123 silly audit   '@babel/plugin-syntax-async-generators': [ '7.8.4' ],
123 silly audit   '@babel/plugin-syntax-bigint': [ '7.8.3' ],
123 silly audit   '@babel/plugin-syntax-class-properties': [ '7.12.13' ],
123 silly audit   '@babel/plugin-syntax-class-static-block': [ '7.14.5' ],
123 silly audit   '@babel/plugin-syntax-dynamic-import': [ '7.8.3' ],
123 silly audit   '@babel/plugin-syntax-export-default-from': [ '7.16.7' ],
123 silly audit   '@babel/plugin-syntax-export-namespace-from': [ '7.8.3' ],
123 silly audit   '@babel/plugin-syntax-flow': [ '7.16.7' ],
123 silly audit   '@babel/plugin-syntax-import-meta': [ '7.10.4' ],
123 silly audit   '@babel/plugin-syntax-json-strings': [ '7.8.3' ],
123 silly audit   '@babel/plugin-syntax-jsx': [ '7.16.7' ],
123 silly audit   '@babel/plugin-syntax-logical-assignment-operators': [ '7.10.4' ],
123 silly audit   '@babel/plugin-syntax-nullish-coalescing-operator': [ '7.8.3' ],
123 silly audit   '@babel/plugin-syntax-numeric-separator': [ '7.10.4' ],
123 silly audit   '@babel/plugin-syntax-object-rest-spread': [ '7.8.3' ],
123 silly audit   '@babel/plugin-syntax-optional-catch-binding': [ '7.8.3' ],
123 silly audit   '@babel/plugin-syntax-optional-chaining': [ '7.8.3' ],
123 silly audit   '@babel/plugin-syntax-private-property-in-object': [ '7.14.5' ],
123 silly audit   '@babel/plugin-syntax-top-level-await': [ '7.14.5' ],
123 silly audit   '@babel/plugin-syntax-typescript': [ '7.16.7' ],
123 silly audit   '@babel/plugin-transform-arrow-functions': [ '7.16.7' ],
123 silly audit   '@babel/plugin-transform-async-to-generator': [ '7.16.8' ],
123 silly audit   '@babel/plugin-transform-block-scoped-functions': [ '7.16.7' ],
123 silly audit   '@babel/plugin-transform-block-scoping': [ '7.16.7' ],
123 silly audit   '@babel/plugin-transform-classes': [ '7.16.7' ],
123 silly audit   '@babel/plugin-transform-computed-properties': [ '7.16.7' ],
123 silly audit   '@babel/plugin-transform-destructuring': [ '7.17.7' ],
123 silly audit   '@babel/plugin-transform-dotall-regex': [ '7.16.7' ],
123 silly audit   '@babel/plugin-transform-duplicate-keys': [ '7.16.7' ],
123 silly audit   '@babel/plugin-transform-exponentiation-operator': [ '7.16.7' ],
123 silly audit   '@babel/plugin-transform-flow-strip-types': [ '7.16.7' ],
123 silly audit   '@babel/plugin-transform-for-of': [ '7.16.7' ],
123 silly audit   '@babel/plugin-transform-function-name': [ '7.16.7' ],
123 silly audit   '@babel/plugin-transform-literals': [ '7.16.7' ],
123 silly audit   '@babel/plugin-transform-member-expression-literals': [ '7.16.7' ],
123 silly audit   '@babel/plugin-transform-modules-amd': [ '7.16.7' ],
123 silly audit   '@babel/plugin-transform-modules-commonjs': [ '7.17.9' ],
123 silly audit   '@babel/plugin-transform-modules-systemjs': [ '7.17.8' ],
123 silly audit   '@babel/plugin-transform-modules-umd': [ '7.16.7' ],
123 silly audit   '@babel/plugin-transform-named-capturing-groups-regex': [ '7.16.8' ],
123 silly audit   '@babel/plugin-transform-new-target': [ '7.16.7' ],
123 silly audit   '@babel/plugin-transform-object-assign': [ '7.16.7' ],
123 silly audit   '@babel/plugin-transform-object-super': [ '7.16.7' ],
123 silly audit   '@babel/plugin-transform-parameters': [ '7.16.7' ],
123 silly audit   '@babel/plugin-transform-property-literals': [ '7.16.7' ],
123 silly audit   '@babel/plugin-transform-react-display-name': [ '7.16.7' ],
123 silly audit   '@babel/plugin-transform-react-jsx': [ '7.17.3' ],
123 silly audit   '@babel/plugin-transform-react-jsx-self': [ '7.16.7' ],
123 silly audit   '@babel/plugin-transform-react-jsx-source': [ '7.16.7' ],
123 silly audit   '@babel/plugin-transform-regenerator': [ '7.17.9' ],
123 silly audit   '@babel/plugin-transform-reserved-words': [ '7.16.7' ],
123 silly audit   '@babel/plugin-transform-runtime': [ '7.17.0' ],
123 silly audit   '@babel/plugin-transform-shorthand-properties': [ '7.16.7' ],
123 silly audit   '@babel/plugin-transform-spread': [ '7.16.7' ],
123 silly audit   '@babel/plugin-transform-sticky-regex': [ '7.16.7' ],
123 silly audit   '@babel/plugin-transform-template-literals': [ '7.16.7' ],
123 silly audit   '@babel/plugin-transform-typeof-symbol': [ '7.16.7' ],
123 silly audit   '@babel/plugin-transform-typescript': [ '7.16.8' ],
123 silly audit   '@babel/plugin-transform-unicode-escapes': [ '7.16.7' ],
123 silly audit   '@babel/plugin-transform-unicode-regex': [ '7.16.7' ],
123 silly audit   '@babel/preset-env': [ '7.16.11' ],
123 silly audit   '@babel/preset-flow': [ '7.16.7' ],
123 silly audit   '@babel/preset-modules': [ '0.1.5' ],
123 silly audit   '@babel/preset-typescript': [ '7.16.7' ],
123 silly audit   '@babel/register': [ '7.17.7' ],
123 silly audit   'make-dir': [ '2.1.0', '3.1.0' ],
123 silly audit   semver: [ '5.7.1', '7.3.7', '7.0.0', '6.3.0' ],
123 silly audit   '@babel/runtime': [ '7.17.9' ],
123 silly audit   '@babel/template': [ '7.16.7' ],
123 silly audit   '@babel/traverse': [ '7.17.9' ],
123 silly audit   '@babel/types': [ '7.17.0' ],
123 silly audit   '@bcoe/v8-coverage': [ '0.2.3' ],
123 silly audit   '@callstack/react-theme-provider': [ '3.0.7' ],
123 silly audit   deepmerge: [ '3.3.0', '4.2.2' ],
123 silly audit   '@cnakazawa/watch': [ '1.0.4' ],
123 silly audit   '@eslint/eslintrc': [ '0.4.3' ],
123 silly audit   globals: [ '13.13.0', '11.12.0' ],
123 silly audit   'type-fest': [ '0.20.2', '0.8.1', '0.6.0', '0.7.1', '0.21.3' ],
123 silly audit   '@hapi/hoek': [ '9.2.1' ],
123 silly audit   '@hapi/topo': [ '5.1.0' ],
123 silly audit   '@humanwhocodes/config-array': [ '0.5.0' ],
123 silly audit   '@humanwhocodes/object-schema': [ '1.2.1' ],
123 silly audit   '@istanbuljs/load-nyc-config': [ '1.1.0' ],
123 silly audit   '@istanbuljs/schema': [ '0.1.3' ],
123 silly audit   '@jest/console': [ '26.6.2' ],
123 silly audit   'ansi-styles': [ '4.3.0', '3.2.1' ],
123 silly audit   chalk: [ '4.1.2', '2.4.2' ],
123 silly audit   'color-convert': [ '2.0.1', '1.9.3' ],
123 silly audit   'color-name': [ '1.1.4', '1.1.3' ],
123 silly audit   'has-flag': [ '4.0.0', '3.0.0' ],
123 silly audit   'supports-color': [ '7.2.0', '8.1.1', '5.5.0' ],
123 silly audit   '@jest/core': [ '26.6.3' ],
123 silly audit   '@jest/create-cache-key-function': [ '27.5.1' ],
123 silly audit   '@jest/types': [ '27.5.1', '26.6.2' ],
123 silly audit   '@types/yargs': [ '16.0.4', '15.0.14' ],
123 silly audit   '@jest/environment': [ '26.6.2' ],
123 silly audit   '@jest/fake-timers': [ '26.6.2' ],
123 silly audit   '@jest/globals': [ '26.6.2' ],
123 silly audit   '@jest/reporters': [ '26.6.2' ],
123 silly audit   'istanbul-lib-instrument': [ '4.0.3', '5.1.0' ],
123 silly audit   'source-map': [ '0.6.1', '0.7.3', '0.5.7' ],
123 silly audit   '@jest/source-map': [ '26.6.2' ],
123 silly audit   '@jest/test-result': [ '26.6.2' ],
123 silly audit   '@jest/test-sequencer': [ '26.6.3' ],
123 silly audit   '@jest/transform': [ '26.6.2' ],
123 silly audit   '@jridgewell/resolve-uri': [ '3.0.5' ],
123 silly audit   '@jridgewell/sourcemap-codec': [ '1.4.11' ],
123 silly audit   '@jridgewell/trace-mapping': [ '0.3.4' ],
123 silly audit   '@react-native-community/cli': [ '7.0.3' ],
123 silly audit   '@react-native-community/cli-debugger-ui': [ '7.0.3' ],
123 silly audit   '@react-native-community/cli-hermes': [ '6.3.0' ],
123 silly audit   '@react-native-community/cli-platform-android': [ '6.3.0', '7.0.1' ],
123 silly audit   'cross-spawn': [ '6.0.5', '7.0.3' ],
123 silly audit   execa: [ '1.0.0', '4.1.0' ],
123 silly audit   'get-stream': [ '4.1.0', '5.2.0' ],
123 silly audit   'is-stream': [ '1.1.0', '2.0.1' ],
123 silly audit   'npm-run-path': [ '2.0.2', '4.0.1' ],
123 silly audit   'path-key': [ '2.0.1', '3.1.1' ],
123 silly audit   'shebang-command': [ '1.2.0', '2.0.0' ],
123 silly audit   'shebang-regex': [ '1.0.0', '3.0.0' ],
123 silly audit   which: [ '1.3.1', '2.0.2' ],
123 silly audit   '@react-native-community/cli-tools': [ '7.0.1', '6.2.0' ],
123 silly audit   'cli-cursor': [ '3.1.0', '2.1.0' ],
123 silly audit   'log-symbols': [ '4.1.0', '2.2.0' ],
123 silly audit   ora: [ '5.4.1', '3.4.0' ],
123 silly audit   'restore-cursor': [ '3.1.0', '2.0.0' ],
123 silly audit   'shell-quote': [ '1.7.3', '1.6.1' ],
123 silly audit   '@react-native-community/cli-platform-ios': [ '7.0.1' ],
123 silly audit   '@react-native-community/cli-plugin-metro': [ '7.0.3' ],
123 silly audit   '@react-native-community/cli-server-api': [ '7.0.3' ],
123 silly audit   '@react-native-community/cli-types': [ '6.0.0' ],
123 silly audit   'ansi-regex': [ '4.1.1', '5.0.1' ],
123 silly audit   'strip-ansi': [ '5.2.0', '6.0.1' ],
123 silly audit   '@react-native-community/eslint-config': [ '2.0.0' ],
123 silly audit   '@react-native-community/eslint-plugin': [ '1.2.0' ],
123 silly audit   '@react-native/assets': [ '1.0.0' ],
123 silly audit   '@react-native/normalize-color': [ '2.0.0' ],
123 silly audit   '@react-native/polyfills': [ '2.0.0' ],
123 silly audit   '@sideway/address': [ '4.1.4' ],
123 silly audit   '@sideway/formula': [ '3.0.0' ],
123 silly audit   '@sideway/pinpoint': [ '2.0.0' ],
123 silly audit   '@sinonjs/commons': [ '1.8.3' ],
123 silly audit   '@sinonjs/fake-timers': [ '6.0.1' ],
123 silly audit   '@tootallnate/once': [ '1.1.2' ],
123 silly audit   '@types/babel__core': [ '7.1.19' ],
123 silly audit   '@types/babel__generator': [ '7.6.4' ],
123 silly audit   '@types/babel__template': [ '7.4.1' ],
123 silly audit   '@types/babel__traverse': [ '7.17.0' ],
123 silly audit   '@types/eslint-visitor-keys': [ '1.0.0' ],
123 silly audit   '@types/graceful-fs': [ '4.1.5' ],
123 silly audit   '@types/istanbul-lib-coverage': [ '2.0.4' ],
123 silly audit   '@types/istanbul-lib-report': [ '3.0.0' ],
123 silly audit   '@types/istanbul-reports': [ '3.0.1' ],
123 silly audit   '@types/json-schema': [ '7.0.11' ],
123 silly audit   '@types/node': [ '17.0.24' ],
123 silly audit   '@types/normalize-package-data': [ '2.4.1' ],
123 silly audit   '@types/prettier': [ '2.6.0' ],
123 silly audit   '@types/stack-utils': [ '2.0.1' ],
123 silly audit   '@types/yargs-parser': [ '21.0.0' ],
123 silly audit   '@typescript-eslint/eslint-plugin': [ '3.10.1' ],
123 silly audit   '@typescript-eslint/experimental-utils': [ '3.10.1' ],
123 silly audit   '@typescript-eslint/parser': [ '3.10.1' ],
123 silly audit   '@typescript-eslint/types': [ '3.10.1' ],
123 silly audit   '@typescript-eslint/typescript-estree': [ '3.10.1' ],
123 silly audit   '@typescript-eslint/visitor-keys': [ '3.10.1' ],
123 silly audit   abab: [ '2.0.6' ],
123 silly audit   'abort-controller': [ '3.0.0' ],
123 silly audit   'absolute-path': [ '0.0.0' ],
123 silly audit   accepts: [ '1.3.8' ],
123 silly audit   acorn: [ '7.4.1', '8.7.0' ],
123 silly audit   'acorn-globals': [ '6.0.0' ],
123 silly audit   'acorn-jsx': [ '5.3.2' ],
123 silly audit   'acorn-walk': [ '7.2.0' ],
123 silly audit   'agent-base': [ '6.0.2' ],
123 silly audit   ajv: [ '6.12.6', '8.11.0' ],
123 silly audit   anser: [ '1.4.10' ],
123 silly audit   'ansi-colors': [ '4.1.1' ],
123 silly audit   'ansi-escapes': [ '4.3.2' ],
123 silly audit   'ansi-fragments': [ '0.2.1' ],
123 silly audit   anymatch: [ '3.1.2', '2.0.0' ],
123 silly audit   appdirsjs: [ '1.2.6' ],
123 silly audit   argparse: [ '1.0.10' ],
123 silly audit   'arr-diff': [ '4.0.0' ],
123 silly audit   'arr-flatten': [ '1.1.0' ],
123 silly audit   'arr-union': [ '3.1.0' ],
123 silly audit   'array-filter': [ '0.0.1' ],
123 silly audit   'array-includes': [ '3.1.4' ],
123 silly audit   'array-map': [ '0.0.0' ],
123 silly audit   'array-reduce': [ '0.0.0' ],
123 silly audit   'array-unique': [ '0.3.2' ],
123 silly audit   'array.prototype.flatmap': [ '1.3.0' ],
123 silly audit   asap: [ '2.0.6' ],
123 silly audit   'assign-symbols': [ '1.0.0' ],
123 silly audit   'ast-types': [ '0.14.2' ],
123 silly audit   'astral-regex': [ '1.0.0', '2.0.0' ],
123 silly audit   async: [ '2.6.4' ],
123 silly audit   'async-limiter': [ '1.0.1' ],
123 silly audit   asynckit: [ '0.4.0' ],
123 silly audit   atob: [ '2.1.2' ],
123 silly audit   'babel-core': [ '7.0.0-bridge.0' ],
123 silly audit   'babel-eslint': [ '10.1.0' ],
123 silly audit   'babel-jest': [ '26.6.3' ],
123 silly audit   'babel-plugin-dynamic-import-node': [ '2.3.3' ],
123 silly audit   'babel-plugin-istanbul': [ '6.1.1' ],
123 silly audit   'babel-plugin-jest-hoist': [ '26.6.2' ],
123 silly audit   'babel-plugin-polyfill-corejs2': [ '0.3.1' ],
123 silly audit   'babel-plugin-polyfill-corejs3': [ '0.5.2' ],
123 silly audit   'babel-plugin-polyfill-regenerator': [ '0.3.1' ],
123 silly audit   'babel-plugin-syntax-trailing-function-commas': [ '7.0.0-beta.0' ],
123 silly audit   'babel-preset-current-node-syntax': [ '1.0.1' ],
123 silly audit   'babel-preset-fbjs': [ '3.4.0' ],
123 silly audit   'babel-preset-jest': [ '26.6.2' ],
123 silly audit   'balanced-match': [ '1.0.2' ],
123 silly audit   base: [ '0.11.2' ],
123 silly audit   'define-property': [ '1.0.0', '0.2.5', '2.0.2' ],
123 silly audit   'base64-js': [ '1.5.1' ],
123 silly audit   'big-integer': [ '1.6.51' ],
123 silly audit   bl: [ '4.1.0' ],
123 silly audit   'readable-stream': [ '3.6.0', '2.3.7' ],
123 silly audit   'bplist-creator': [ '0.1.0' ],
123 silly audit   'bplist-parser': [ '0.3.1' ],
123 silly audit   'brace-expansion': [ '1.1.11' ],
123 silly audit   braces: [ '3.0.2', '2.3.2' ],
123 silly audit   'browser-process-hrtime': [ '1.0.0' ],
123 silly audit   browserslist: [ '4.20.2' ],
123 silly audit   bser: [ '2.1.1' ],
123 silly audit   buffer: [ '5.7.1' ],
123 silly audit   'buffer-from': [ '1.1.2' ],
123 silly audit   bytes: [ '3.0.0' ],
123 silly audit   'cache-base': [ '1.0.1' ],
123 silly audit   'call-bind': [ '1.0.2' ],
123 silly audit   'caller-callsite': [ '2.0.0' ],
123 silly audit   callsites: [ '2.0.0', '3.1.0' ],
123 silly audit   'caller-path': [ '2.0.0' ],
123 silly audit   camelcase: [ '5.3.1', '6.3.0' ],
123 silly audit   'caniuse-lite': [ '1.0.30001332' ],
123 silly audit   'capture-exit': [ '2.0.0' ],
123 silly audit   'char-regex': [ '1.0.2' ],
123 silly audit   'ci-info': [ '2.0.0', '3.3.0' ],
123 silly audit   'cjs-module-lexer': [ '0.6.0' ],
123 silly audit   'class-utils': [ '0.3.6' ],
123 silly audit   'is-accessor-descriptor': [ '0.1.6', '1.0.0' ],
123 silly audit   'kind-of': [ '3.2.2', '5.1.0', '4.0.0', '6.0.3' ],
123 silly audit   'is-data-descriptor': [ '0.1.4', '1.0.0' ],
123 silly audit   'is-descriptor': [ '0.1.6', '1.0.2' ],
123 silly audit   'cli-spinners': [ '2.6.1' ],
123 silly audit   cliui: [ '6.0.0', '7.0.4' ],
123 silly audit   clone: [ '1.0.4' ],
123 silly audit   'clone-deep': [ '4.0.1' ],
123 silly audit   co: [ '4.6.0' ],
123 silly audit   'collect-v8-coverage': [ '1.0.1' ],
123 silly audit   'collection-visit': [ '1.0.0' ],
123 silly audit   color: [ '3.2.1' ],
123 silly audit   'color-string': [ '1.9.0' ],
123 silly audit   colorette: [ '1.4.0' ],
123 silly audit   'combined-stream': [ '1.0.8' ],
123 silly audit   'command-exists': [ '1.2.9' ],
123 silly audit   commander: [ '2.20.3', '2.13.0' ],
123 silly audit   commondir: [ '1.0.1' ],
123 silly audit   'component-emitter': [ '1.3.0' ],
123 silly audit   compressible: [ '2.0.18' ],
123 silly audit   compression: [ '1.7.4' ],
123 silly audit   debug: [ '2.6.9', '4.3.4' ],
123 silly audit   ms: [ '2.0.0', '2.1.2', '2.1.3' ],
123 silly audit   'concat-map': [ '0.0.1' ],
123 silly audit   connect: [ '3.7.0' ],
123 silly audit   'convert-source-map': [ '1.8.0' ],
123 silly audit   'copy-descriptor': [ '0.1.1' ],
123 silly audit   'core-js-compat': [ '3.22.0' ],
123 silly audit   'core-util-is': [ '1.0.3' ],
123 silly audit   cosmiconfig: [ '5.2.1' ],
123 silly audit   'import-fresh': [ '2.0.0', '3.3.0' ],
123 silly audit   'resolve-from': [ '3.0.0', '4.0.0', '5.0.0' ],
123 silly audit   cssom: [ '0.4.4', '0.3.8' ],
123 silly audit   cssstyle: [ '2.3.0' ],
123 silly audit   'data-urls': [ '2.0.0' ],
123 silly audit   dayjs: [ '1.11.1' ],
123 silly audit   decamelize: [ '1.2.0' ],
123 silly audit   'decimal.js': [ '10.3.1' ],
123 silly audit   'decode-uri-component': [ '0.2.0' ],
123 silly audit   'deep-is': [ '0.1.4' ],
123 silly audit   defaults: [ '1.0.3' ],
123 silly audit   'define-properties': [ '1.1.4' ],
123 silly audit   'delayed-stream': [ '1.0.0' ],
123 silly audit   denodeify: [ '1.2.1' ],
123 silly audit   depd: [ '2.0.0' ],
123 silly audit   'deprecated-react-native-prop-types': [ '2.3.0' ],
123 silly audit   destroy: [ '1.2.0' ],
123 silly audit   'detect-newline': [ '3.1.0' ],
123 silly audit   'diff-sequences': [ '26.6.2' ],
123 silly audit   doctrine: [ '3.0.0', '2.1.0' ],
123 silly audit   domexception: [ '2.0.1' ],
123 silly audit   'webidl-conversions': [ '5.0.0', '3.0.1', '6.1.0' ],
123 silly audit   'ee-first': [ '1.1.1' ],
123 silly audit   'electron-to-chromium': [ '1.4.111' ],
123 silly audit   emittery: [ '0.7.2' ],
123 silly audit   'emoji-regex': [ '8.0.0' ],
123 silly audit   encodeurl: [ '1.0.2' ],
123 silly audit   'end-of-stream': [ '1.4.4' ],
123 silly audit   enquirer: [ '2.3.6' ],
123 silly audit   envinfo: [ '7.8.1' ],
123 silly audit   'error-ex': [ '1.3.2' ],
123 silly audit   'error-stack-parser': [ '2.0.7' ],
123 silly audit   errorhandler: [ '1.5.1' ],
123 silly audit   'es-abstract': [ '1.19.5' ],
123 silly audit   'es-shim-unscopables': [ '1.0.0' ],
123 silly audit   'es-to-primitive': [ '1.2.1' ],
123 silly audit   escalade: [ '3.1.1' ],
123 silly audit   'escape-html': [ '1.0.3' ],
123 silly audit   'escape-string-regexp': [ '1.0.5', '4.0.0', '2.0.0' ],
123 silly audit   escodegen: [ '2.0.0' ],
123 silly audit   levn: [ '0.3.0', '0.4.1' ],
123 silly audit   optionator: [ '0.8.3', '0.9.1' ],
123 silly audit   'prelude-ls': [ '1.1.2', '1.2.1' ],
123 silly audit   'type-check': [ '0.3.2', '0.4.0' ],
123 silly audit   eslint: [ '7.32.0' ],
123 silly audit   'eslint-config-prettier': [ '6.15.0' ],
123 silly audit   'eslint-plugin-eslint-comments': [ '3.2.0' ],
123 silly audit   ignore: [ '5.2.0', '4.0.6' ],
123 silly audit   'eslint-plugin-flowtype': [ '2.50.3' ],
123 silly audit   'eslint-plugin-jest': [ '22.4.1' ],
123 silly audit   'eslint-plugin-prettier': [ '3.1.2' ],
123 silly audit   'eslint-plugin-react': [ '7.29.4' ],
123 silly audit   'eslint-plugin-react-hooks': [ '4.4.0' ],
123 silly audit   'eslint-plugin-react-native': [ '3.11.0' ],
123 silly audit   'eslint-plugin-react-native-globals': [ '0.1.2' ],
123 silly audit   resolve: [ '2.0.0-next.3', '1.22.0' ],
123 silly audit   'eslint-scope': [ '5.1.1' ],
123 silly audit   estraverse: [ '4.3.0', '5.3.0' ],
123 silly audit   'eslint-utils': [ '2.1.0' ],
123 silly audit   'eslint-visitor-keys': [ '1.3.0', '2.1.0' ],
123 silly audit   espree: [ '7.3.1' ],
123 silly audit   esprima: [ '4.0.1' ],
123 silly audit   esquery: [ '1.4.0' ],
123 silly audit   esrecurse: [ '4.3.0' ],
123 silly audit   esutils: [ '2.0.3' ],
123 silly audit   etag: [ '1.8.1' ],
123 silly audit   'event-target-shim': [ '5.0.1' ],
123 silly audit   'exec-sh': [ '0.3.6' ],
123 silly audit   exit: [ '0.1.2' ],
123 silly audit   'expand-brackets': [ '2.1.4' ],
123 silly audit   'extend-shallow': [ '2.0.1', '3.0.2' ],
123 silly audit   'is-extendable': [ '0.1.1', '1.0.1' ],
123 silly audit   expect: [ '26.6.2' ],
123 silly audit   extglob: [ '2.0.4' ],
123 silly audit   'fast-deep-equal': [ '3.1.3' ],
123 silly audit   'fast-diff': [ '1.2.0' ],
123 silly audit   'fast-json-stable-stringify': [ '2.1.0' ],
123 silly audit   'fast-levenshtein': [ '2.0.6' ],
123 silly audit   'fb-watchman': [ '2.0.1' ],
123 silly audit   'file-entry-cache': [ '6.0.1' ],
123 silly audit   'fill-range': [ '7.0.1', '4.0.0' ],
123 silly audit   finalhandler: [ '1.1.2' ],
123 silly audit   'find-cache-dir': [ '2.1.0' ],
123 silly audit   'find-up': [ '3.0.0', '4.1.0' ],
123 silly audit   'locate-path': [ '3.0.0', '5.0.0' ],
123 silly audit   'p-locate': [ '3.0.0', '4.1.0' ],
123 silly audit   'path-exists': [ '3.0.0', '4.0.0' ],
123 silly audit   'pkg-dir': [ '3.0.0', '4.2.0' ],
123 silly audit   'flat-cache': [ '3.0.4' ],
123 silly audit   flatted: [ '3.2.5' ],
123 silly audit   'flow-parser': [ '0.121.0' ],
123 silly audit   'for-in': [ '1.0.2' ],
123 silly audit   'form-data': [ '3.0.1' ],
123 silly audit   'fragment-cache': [ '0.2.1' ],
123 silly audit   fresh: [ '0.5.2' ],
123 silly audit   'fs-extra': [ '8.1.0', '1.0.0' ],
123 silly audit   'fs.realpath': [ '1.0.0' ],
123 silly audit   fsevents: [ '2.3.2' ],
123 silly audit   'function-bind': [ '1.1.1' ],
123 silly audit   'functional-red-black-tree': [ '1.0.1' ],
123 silly audit   'functions-have-names': [ '1.2.2' ],
123 silly audit   gensync: [ '1.0.0-beta.2' ],
123 silly audit   'get-caller-file': [ '2.0.5' ],
123 silly audit   'get-intrinsic': [ '1.1.1' ],
123 silly audit   'get-package-type': [ '0.1.0' ],
123 silly audit   'get-stdin': [ '6.0.0' ],
123 silly audit   'get-symbol-description': [ '1.0.0' ],
123 silly audit   'get-value': [ '2.0.6' ],
123 silly audit   glob: [ '7.2.0' ],
123 silly audit   'glob-parent': [ '5.1.2' ],
123 silly audit   'graceful-fs': [ '4.2.10' ],
123 silly audit   growly: [ '1.3.0' ],
123 silly audit   has: [ '1.0.3' ],
123 silly audit   'has-bigints': [ '1.0.1' ],
123 silly audit   'has-property-descriptors': [ '1.0.0' ],
123 silly audit   'has-symbols': [ '1.0.3' ],
123 silly audit   'has-tostringtag': [ '1.0.0' ],
123 silly audit   'has-value': [ '1.0.0', '0.3.1' ],
123 silly audit   'has-values': [ '1.0.0', '0.1.4' ],
123 silly audit   'is-number': [ '3.0.0', '7.0.0' ],
123 silly audit   'hermes-engine': [ '0.11.0' ],
123 silly audit   'hermes-estree': [ '0.5.0' ],
123 silly audit   'hermes-parser': [ '0.5.0' ],
123 silly audit   'hermes-profile-transformer': [ '0.0.6' ],
123 silly audit   'hoist-non-react-statics': [ '3.3.2' ],
123 silly audit   'react-is': [ '16.13.1', '17.0.2' ],
123 silly audit   'hosted-git-info': [ '2.8.9' ],
123 silly audit   'html-encoding-sniffer': [ '2.0.1' ],
123 silly audit   'html-escaper': [ '2.0.2' ],
123 silly audit   'http-errors': [ '2.0.0' ],
123 silly audit   statuses: [ '2.0.1', '1.5.0' ],
123 silly audit   'http-proxy-agent': [ '4.0.1' ],
123 silly audit   'https-proxy-agent': [ '5.0.1' ],
123 silly audit   'human-signals': [ '1.1.1' ],
123 silly audit   'iconv-lite': [ '0.4.24' ],
123 silly audit   ieee754: [ '1.2.1' ],
123 silly audit   'image-size': [ '0.6.3' ],
123 silly audit   'import-local': [ '3.1.0' ],
123 silly audit   imurmurhash: [ '0.1.4' ],
123 silly audit   inflight: [ '1.0.6' ],
123 silly audit   inherits: [ '2.0.4' ],
123 silly audit   'internal-slot': [ '1.0.3' ],
123 silly audit   invariant: [ '2.2.4' ],
123 silly audit   ip: [ '1.1.5' ],
123 silly audit   'is-arrayish': [ '0.2.1', '0.3.2' ],
123 silly audit   'is-bigint': [ '1.0.4' ],
123 silly audit   'is-boolean-object': [ '1.1.2' ],
123 silly audit   'is-buffer': [ '1.1.6' ],
123 silly audit   'is-callable': [ '1.2.4' ],
123 silly audit   'is-ci': [ '2.0.0' ],
123 silly audit   'is-core-module': [ '2.8.1' ],
123 silly audit   'is-date-object': [ '1.0.5' ],
123 silly audit   'is-directory': [ '0.3.1' ],
123 silly audit   'is-docker': [ '2.2.1' ],
123 silly audit   'is-extglob': [ '2.1.1' ],
123 silly audit   'is-fullwidth-code-point': [ '2.0.0', '3.0.0' ],
123 silly audit   'is-generator-fn': [ '2.1.0' ],
123 silly audit   'is-glob': [ '4.0.3' ],
123 silly audit   'is-interactive': [ '1.0.0' ],
123 silly audit   'is-negative-zero': [ '2.0.2' ],
123 silly audit   'is-number-object': [ '1.0.7' ],
123 silly audit   'is-plain-object': [ '2.0.4' ],
123 silly audit   'is-potential-custom-element-name': [ '1.0.1' ],
123 silly audit   'is-regex': [ '1.1.4' ],
123 silly audit   'is-shared-array-buffer': [ '1.0.2' ],
123 silly audit   'is-string': [ '1.0.7' ],
123 silly audit   'is-symbol': [ '1.0.4' ],
123 silly audit   'is-typedarray': [ '1.0.0' ],
123 silly audit   'is-unicode-supported': [ '0.1.0' ],
123 silly audit   'is-weakref': [ '1.0.2' ],
123 silly audit   'is-windows': [ '1.0.2' ],
123 silly audit   'is-wsl': [ '2.2.0', '1.1.0' ],
123 silly audit   isarray: [ '1.0.0' ],
123 silly audit   isexe: [ '2.0.0' ],
123 silly audit   isobject: [ '3.0.1', '2.1.0' ],
123 silly audit   'istanbul-lib-coverage': [ '3.2.0' ],
123 silly audit   'istanbul-lib-report': [ '3.0.0' ],
123 silly audit   'istanbul-lib-source-maps': [ '4.0.1' ],
123 silly audit   'istanbul-reports': [ '3.1.4' ],
123 silly audit   jest: [ '26.6.3' ],
123 silly audit   'jest-changed-files': [ '26.6.2' ],
123 silly audit   'jest-cli': [ '26.6.3' ],
123 silly audit   'jest-config': [ '26.6.3' ],
123 silly audit   'jest-diff': [ '26.6.2' ],
123 silly audit   'jest-docblock': [ '26.0.0' ],
123 silly audit   'jest-each': [ '26.6.2' ],
123 silly audit   'jest-environment-jsdom': [ '26.6.2' ],
123 silly audit   'jest-environment-node': [ '26.6.2' ],
123 silly audit   'jest-get-type': [ '26.3.0' ],
123 silly audit   'jest-haste-map': [ '26.6.2', '27.5.1' ],
123 silly audit   'jest-jasmine2': [ '26.6.3' ],
123 silly audit   'jest-leak-detector': [ '26.6.2' ],
123 silly audit   'jest-matcher-utils': [ '26.6.2' ],
123 silly audit   'jest-message-util': [ '26.6.2' ],
123 silly audit   'jest-mock': [ '26.6.2' ],
123 silly audit   'jest-pnp-resolver': [ '1.2.2' ],
123 silly audit   'jest-regex-util': [ '26.0.0', '27.5.1' ],
123 silly audit   'jest-resolve': [ '26.6.2' ],
123 silly audit   'jest-resolve-dependencies': [ '26.6.3' ],
123 silly audit   'jest-runner': [ '26.6.3' ],
123 silly audit   'jest-runtime': [ '26.6.3' ],
123 silly audit   'jest-serializer': [ '26.6.2', '27.5.1' ],
123 silly audit   'jest-snapshot': [ '26.6.2' ],
123 silly audit   'jest-util': [ '26.6.2', '27.5.1' ],
123 silly audit   'jest-validate': [ '26.6.2' ],
123 silly audit   'jest-watcher': [ '26.6.2' ],
123 silly audit   'jest-worker': [ '26.6.2', '27.5.1' ],
123 silly audit   jetifier: [ '1.6.8' ],
123 silly audit   joi: [ '17.6.0' ],
123 silly audit   'js-tokens': [ '4.0.0' ],
123 silly audit   'js-yaml': [ '3.14.1' ],
123 silly audit   'jsc-android': [ '250230.2.1' ],
123 silly audit   jscodeshift: [ '0.13.1' ],
123 silly audit   micromatch: [ '3.1.10', '4.0.5' ],
123 silly audit   rimraf: [ '2.6.3', '2.7.1', '3.0.2', '2.2.8' ],
123 silly audit   temp: [ '0.8.4', '0.8.3' ],
123 silly audit   'to-regex-range': [ '2.1.1', '5.0.1' ],
123 silly audit   'write-file-atomic': [ '2.4.3', '3.0.3' ],
123 silly audit   jsdom: [ '16.7.0' ],
123 silly audit   jsesc: [ '2.5.2', '0.5.0' ],
123 silly audit   'json-parse-better-errors': [ '1.0.2' ],
123 silly audit   'json-parse-even-better-errors': [ '2.3.1' ],
123 silly audit   'json-schema-traverse': [ '0.4.1', '1.0.0' ],
123 silly audit   'json-stable-stringify-without-jsonify': [ '1.0.1' ],
123 silly audit   json5: [ '2.2.1' ],
123 silly audit   jsonfile: [ '4.0.0', '2.4.0' ],
123 silly audit   jsonify: [ '0.0.0' ],
123 silly audit   'jsx-ast-utils': [ '3.2.2' ],
123 silly audit   klaw: [ '1.3.1' ],
123 silly audit   kleur: [ '3.0.3' ],
123 silly audit   leven: [ '3.1.0' ],
123 silly audit   'lines-and-columns': [ '1.2.4' ],
123 silly audit   lodash: [ '4.17.21' ],
123 silly audit   'lodash.debounce': [ '4.0.8' ],
123 silly audit   'lodash.merge': [ '4.6.2' ],
123 silly audit   'lodash.throttle': [ '4.1.1' ],
123 silly audit   'lodash.truncate': [ '4.4.2' ],
123 silly audit   logkitty: [ '0.7.1' ],
123 silly audit   'loose-envify': [ '1.4.0' ],
123 silly audit   'lru-cache': [ '6.0.0' ],
123 silly audit   makeerror: [ '1.0.12' ],
123 silly audit   'map-cache': [ '0.2.2' ],
123 silly audit   'map-visit': [ '1.0.0' ],
123 silly audit   'merge-stream': [ '2.0.0' ],
123 silly audit   metro: [ '0.67.0' ],
123 silly audit   'metro-babel-transformer': [ '0.67.0' ],
123 silly audit   'metro-cache': [ '0.67.0' ],
123 silly audit   'metro-cache-key': [ '0.67.0' ],
123 silly audit   'metro-config': [ '0.67.0' ],
123 silly audit   'metro-core': [ '0.67.0' ],
123 silly audit   'metro-hermes-compiler': [ '0.67.0' ],
123 silly audit   'metro-inspector-proxy': [ '0.67.0' ],
123 silly audit   'metro-minify-uglify': [ '0.67.0' ],
123 silly audit   'metro-react-native-babel-preset': [ '0.67.0' ],
123 silly audit   'metro-react-native-babel-transformer': [ '0.67.0' ],
123 silly audit   'metro-resolver': [ '0.67.0' ],
123 silly audit   'metro-runtime': [ '0.67.0' ],
123 silly audit   'metro-source-map': [ '0.67.0' ],
123 silly audit   'metro-symbolicate': [ '0.67.0' ],
123 silly audit   'metro-transform-plugins': [ '0.67.0' ],
123 silly audit   'metro-transform-worker': [ '0.67.0' ],
123 silly audit   mime: [ '2.6.0', '1.6.0' ],
123 silly audit   'mime-db': [ '1.52.0' ],
123 silly audit   'mime-types': [ '2.1.35' ],
123 silly audit   'mimic-fn': [ '2.1.0', '1.2.0' ],
123 silly audit   minimatch: [ '3.1.2' ],
123 silly audit   minimist: [ '1.2.6' ],
123 silly audit   'mixin-deep': [ '1.3.2' ],
123 silly audit   mkdirp: [ '0.5.6' ],
123 silly audit   nanomatch: [ '1.2.13' ],
123 silly audit   'natural-compare': [ '1.4.0' ],
123 silly audit   negotiator: [ '0.6.3' ],
123 silly audit   'neo-async': [ '2.6.2' ],
123 silly audit   'nice-try': [ '1.0.5' ],
123 silly audit   nocache: [ '2.1.0' ],
123 silly audit   'node-dir': [ '0.1.17' ],
123 silly audit   'node-fetch': [ '2.6.7' ],
123 silly audit   tr46: [ '0.0.3', '2.1.0' ],
123 silly audit   'whatwg-url': [ '5.0.0', '8.7.0' ],
123 silly audit   'node-int64': [ '0.4.0' ],
123 silly audit   'node-notifier': [ '8.0.2' ],
123 silly audit   'node-releases': [ '2.0.3' ],
123 silly audit   'node-stream-zip': [ '1.15.0' ],
123 silly audit   'normalize-package-data': [ '2.5.0' ],
123 silly audit   'normalize-path': [ '3.0.0', '2.1.1' ],
123 silly audit   nullthrows: [ '1.1.1' ],
123 silly audit   nwsapi: [ '2.2.0' ],
123 silly audit   ob1: [ '0.67.0' ],
123 silly audit   'object-assign': [ '4.1.1' ],
123 silly audit   'object-copy': [ '0.1.0' ],
123 silly audit   'object-inspect': [ '1.12.0' ],
123 silly audit   'object-keys': [ '1.1.1' ],
123 silly audit   'object-visit': [ '1.0.1' ],
123 silly audit   'object.assign': [ '4.1.2' ],
123 silly audit   'object.entries': [ '1.1.5' ],
123 silly audit   'object.fromentries': [ '2.0.5' ],
123 silly audit   'object.hasown': [ '1.1.0' ],
123 silly audit   'object.pick': [ '1.3.0' ],
123 silly audit   'object.values': [ '1.1.5' ],
123 silly audit   'on-finished': [ '2.3.0', '2.4.1' ],
123 silly audit   'on-headers': [ '1.0.2' ],
123 silly audit   once: [ '1.4.0' ],
123 silly audit   onetime: [ '5.1.2', '2.0.1' ],
123 silly audit   open: [ '6.4.0' ],
123 silly audit   'os-tmpdir': [ '1.0.2' ],
123 silly audit   'p-each-series': [ '2.2.0' ],
123 silly audit   'p-finally': [ '1.0.0' ],
123 silly audit   'p-limit': [ '2.3.0' ],
123 silly audit   'p-try': [ '2.2.0' ],
123 silly audit   'parent-module': [ '1.0.1' ],
123 silly audit   'parse-json': [ '4.0.0', '5.2.0' ],
123 silly audit   parse5: [ '6.0.1' ],
123 silly audit   parseurl: [ '1.3.3' ],
123 silly audit   pascalcase: [ '0.1.1' ],
123 silly audit   'path-is-absolute': [ '1.0.1' ],
123 silly audit   'path-parse': [ '1.0.7' ],
123 silly audit   picocolors: [ '1.0.0' ],
123 silly audit   picomatch: [ '2.3.1' ],
123 silly audit   pify: [ '4.0.1' ],
123 silly audit   pirates: [ '4.0.5' ],
123 silly audit   plist: [ '3.0.5' ],
123 silly audit   'posix-character-classes': [ '0.1.1' ],
123 silly audit   prettier: [ '2.6.2' ],
123 silly audit   'prettier-linter-helpers': [ '1.0.0' ],
123 silly audit   'pretty-format': [ '26.6.2' ],
123 silly audit   'process-nextick-args': [ '2.0.1' ],
123 silly audit   progress: [ '2.0.3' ],
123 silly audit   promise: [ '8.1.0' ],
123 silly audit   prompts: [ '2.4.2' ],
123 silly audit   'prop-types': [ '15.8.1' ],
123 silly audit   psl: [ '1.8.0' ],
123 silly audit   pump: [ '3.0.0' ],
123 silly audit   punycode: [ '2.1.1' ],
123 silly audit   'range-parser': [ '1.2.1' ],
123 silly audit   react: [ '17.0.2' ],
123 silly audit   'react-devtools-core': [ '4.24.4' ],
123 silly audit   'react-native': [ '0.68.1' ],
123 silly audit   'react-native-codegen': [ '0.0.13' ],
123 silly audit   'react-native-gradle-plugin': [ '0.0.6' ],
123 silly audit   'react-native-iphone-x-helper': [ '1.3.1' ],
123 silly audit   'react-native-paper': [ '4.12.0' ],
123 silly audit   'react-native-vector-icons': [ '9.1.0' ],
123 silly audit   'wrap-ansi': [ '7.0.0', '6.2.0' ],
123 silly audit   y18n: [ '5.0.8', '4.0.3' ],
123 silly audit   yargs: [ '16.2.0', '15.4.1' ],
123 silly audit   'yargs-parser': [ '20.2.9', '18.1.3' ],
123 silly audit   ws: [ '6.2.2', '7.5.7' ],
123 silly audit   'react-refresh': [ '0.4.3' ],
123 silly audit   'react-shallow-renderer': [ '16.14.1' ],
123 silly audit   'react-test-renderer': [ '17.0.2' ],
123 silly audit   'read-pkg': [ '5.2.0' ],
123 silly audit   'read-pkg-up': [ '7.0.1' ],
123 silly audit   readline: [ '1.3.0' ],
123 silly audit   recast: [ '0.20.5' ],
123 silly audit   regenerate: [ '1.4.2' ],
123 silly audit   'regenerate-unicode-properties': [ '10.0.1' ],
123 silly audit   'regenerator-runtime': [ '0.13.9' ],
123 silly audit   'regenerator-transform': [ '0.15.0' ],
123 silly audit   'regex-not': [ '1.0.2' ],
123 silly audit   'regexp.prototype.flags': [ '1.4.3' ],
123 silly audit   regexpp: [ '3.2.0' ],
123 silly audit   'regexpu-core': [ '5.0.1' ],
123 silly audit   regjsgen: [ '0.6.0' ],
123 silly audit   regjsparser: [ '0.8.4' ],
123 silly audit   'remove-trailing-separator': [ '1.1.0' ],
123 silly audit   'repeat-element': [ '1.1.4' ],
123 silly audit   'repeat-string': [ '1.6.1' ],
123 silly audit   'require-directory': [ '2.1.1' ],
123 silly audit   'require-from-string': [ '2.0.2' ],
123 silly audit   'require-main-filename': [ '2.0.0' ],
123 silly audit   'resolve-cwd': [ '3.0.0' ],
123 silly audit   'resolve-url': [ '0.2.1' ],
123 silly audit   ret: [ '0.1.15' ],
123 silly audit   rsvp: [ '4.8.5' ],
123 silly audit   'safe-buffer': [ '5.1.2' ],
123 silly audit   'safe-regex': [ '1.1.0' ],
123 silly audit   'safer-buffer': [ '2.1.2' ],
123 silly audit   sane: [ '4.1.0' ],
123 silly audit   sax: [ '1.2.4' ],
123 silly audit   saxes: [ '5.0.1' ],
123 silly audit   scheduler: [ '0.20.2' ],
123 silly audit   send: [ '0.18.0' ],
123 silly audit   'serialize-error': [ '2.1.0' ],
123 silly audit   'serve-static': [ '1.15.0' ],
123 silly audit   'set-blocking': [ '2.0.0' ],
123 silly audit   'set-value': [ '2.0.1' ],
123 silly audit   setprototypeof: [ '1.2.0' ],
123 silly audit   'shallow-clone': [ '3.0.1' ],
123 silly audit   shellwords: [ '0.1.1' ],
123 silly audit   'side-channel': [ '1.0.4' ],
123 silly audit   'signal-exit': [ '3.0.7' ],
123 silly audit   'simple-plist': [ '1.3.1' ],
123 silly audit   'simple-swizzle': [ '0.2.2' ],
123 silly audit   sisteransi: [ '1.0.5' ],
123 silly audit   slash: [ '3.0.0' ],
123 silly audit   'slice-ansi': [ '2.1.0', '4.0.0' ],
123 silly audit   snapdragon: [ '0.8.2' ],
123 silly audit   'snapdragon-node': [ '2.1.1' ],
123 silly audit   'snapdragon-util': [ '3.0.1' ],
123 silly audit   'source-map-resolve': [ '0.5.3' ],
123 silly audit   'source-map-support': [ '0.5.21' ],
123 silly audit   'source-map-url': [ '0.4.1' ],
123 silly audit   'spdx-correct': [ '3.1.1' ],
123 silly audit   'spdx-exceptions': [ '2.3.0' ],
123 silly audit   'spdx-expression-parse': [ '3.0.1' ],
123 silly audit   'spdx-license-ids': [ '3.0.11' ],
123 silly audit   'split-string': [ '3.1.0' ],
123 silly audit   'sprintf-js': [ '1.0.3' ],
123 silly audit   'stack-utils': [ '2.0.5' ],
123 silly audit   stackframe: [ '1.2.1' ],
123 silly audit   'stacktrace-parser': [ '0.1.10' ],
123 silly audit   'static-extend': [ '0.1.2' ],
123 silly audit   'stream-buffers': [ '2.2.0' ],
123 silly audit   string_decoder: [ '1.1.1' ],
123 silly audit   'string-length': [ '4.0.2' ],
123 silly audit   'string-width': [ '4.2.3' ],
123 silly audit   'string.prototype.matchall': [ '4.0.7' ],
123 silly audit   'string.prototype.trimend': [ '1.0.4' ],
123 silly audit   'string.prototype.trimstart': [ '1.0.4' ],
123 silly audit   'strip-bom': [ '4.0.0' ],
123 silly audit   'strip-eof': [ '1.0.0' ],
123 silly audit   'strip-final-newline': [ '2.0.0' ],
123 silly audit   'strip-json-comments': [ '3.1.1' ],
123 silly audit   'sudo-prompt': [ '9.2.1' ],
123 silly audit   'supports-hyperlinks': [ '2.2.0' ],
123 silly audit   'supports-preserve-symlinks-flag': [ '1.0.0' ],
123 silly audit   'symbol-tree': [ '3.2.4' ],
123 silly audit   table: [ '6.8.0' ],
123 silly audit   'terminal-link': [ '2.1.1' ],
123 silly audit   'test-exclude': [ '6.0.0' ],
123 silly audit   'text-table': [ '0.2.0' ],
123 silly audit   throat: [ '5.0.0' ],
123 silly audit   through2: [ '2.0.5' ],
123 silly audit   tmpl: [ '1.0.5' ],
123 silly audit   'to-fast-properties': [ '2.0.0' ],
123 silly audit   'to-object-path': [ '0.3.0' ],
123 silly audit   'to-regex': [ '3.0.2' ],
123 silly audit   toidentifier: [ '1.0.1' ],
123 silly audit   'tough-cookie': [ '4.0.0' ],
123 silly audit   tslib: [ '2.3.1', '1.14.1' ],
123 silly audit   tsutils: [ '3.21.0' ],
123 silly audit   'type-detect': [ '4.0.8' ],
123 silly audit   'typedarray-to-buffer': [ '3.1.5' ],
123 silly audit   typescript: [ '4.6.3' ],
123 silly audit   'uglify-es': [ '3.3.9' ],
123 silly audit   'unbox-primitive': [ '1.0.1' ],
123 silly audit   'unicode-canonical-property-names-ecmascript': [ '2.0.0' ],
123 silly audit   'unicode-match-property-ecmascript': [ '2.0.0' ],
123 silly audit   'unicode-match-property-value-ecmascript': [ '2.0.0' ],
123 silly audit   'unicode-property-aliases-ecmascript': [ '2.0.0' ],
123 silly audit   'union-value': [ '1.0.1' ],
123 silly audit   universalify: [ '0.1.2' ],
123 silly audit   unpipe: [ '1.0.0' ],
123 silly audit   'unset-value': [ '1.0.0' ],
123 silly audit   'uri-js': [ '4.4.1' ],
123 silly audit   urix: [ '0.1.0' ],
123 silly audit   use: [ '3.1.1' ],
123 silly audit   'use-subscription': [ '1.5.1' ],
123 silly audit   'util-deprecate': [ '1.0.2' ],
123 silly audit   'utils-merge': [ '1.0.1' ],
123 silly audit   uuid: [ '8.3.2', '7.0.3' ],
123 silly audit   'v8-compile-cache': [ '2.3.0' ],
123 silly audit   'v8-to-istanbul': [ '7.1.2' ],
123 silly audit   'validate-npm-package-license': [ '3.0.4' ],
123 silly audit   vary: [ '1.1.2' ],
123 silly audit   vlq: [ '1.0.1' ],
123 silly audit   'w3c-hr-time': [ '1.0.2' ],
123 silly audit   'w3c-xmlserializer': [ '2.0.0' ],
123 silly audit   walker: [ '1.0.8' ],
123 silly audit   wcwidth: [ '1.0.1' ],
123 silly audit   'whatwg-encoding': [ '1.0.5' ],
123 silly audit   'whatwg-fetch': [ '3.6.2' ],
123 silly audit   'whatwg-mimetype': [ '2.3.0' ],
123 silly audit   'which-boxed-primitive': [ '1.0.2' ],
123 silly audit   'which-module': [ '2.0.0' ],
123 silly audit   'word-wrap': [ '1.2.3' ],
123 silly audit   wrappy: [ '1.0.2' ],
123 silly audit   xcode: [ '3.0.1' ],
123 silly audit   'xml-name-validator': [ '3.0.0' ],
123 silly audit   xmlbuilder: [ '9.0.7' ],
123 silly audit   xmlchars: [ '2.2.0' ],
123 silly audit   xmldoc: [ '1.1.2' ],
123 silly audit   xtend: [ '4.0.2' ],
123 silly audit   yallist: [ '4.0.0' ],
123 silly audit   '@react-navigation/native': [ '6.0.10' ],
123 silly audit   '@react-navigation/native-stack': [ '6.6.1' ],
123 silly audit   'react-native-safe-area-context': [ '4.2.4' ],
123 silly audit   'react-native-screens': [ '3.13.1' ],
123 silly audit   '@react-navigation/core': [ '6.2.1' ],
123 silly audit   nanoid: [ '3.3.3' ],
123 silly audit   '@react-navigation/routers': [ '6.1.0' ],
123 silly audit   'query-string': [ '7.1.1' ],
123 silly audit   '@react-navigation/elements': [ '1.3.3' ],
123 silly audit   'warn-once': [ '0.1.0' ],
123 silly audit   'filter-obj': [ '1.1.0' ],
123 silly audit   'split-on-first': [ '1.1.0' ],
123 silly audit   'strict-uri-encode': [ '2.0.0' ],
123 silly audit   'react-freeze': [ '1.0.0' ]
123 silly audit }
124 silly tarball no local data for react-freeze@https://registry.npmjs.org/react-freeze/-/react-freeze-1.0.0.tgz. Extracting by manifest.
125 silly tarball no local data for warn-once@https://registry.npmjs.org/warn-once/-/warn-once-0.1.0.tgz. Extracting by manifest.
126 silly tarball no local data for query-string@https://registry.npmjs.org/query-string/-/query-string-7.1.1.tgz. Extracting by manifest.
127 silly tarball no local data for strict-uri-encode@https://registry.npmjs.org/strict-uri-encode/-/strict-uri-encode-2.0.0.tgz. Extracting by manifest.
128 silly tarball no local data for split-on-first@https://registry.npmjs.org/split-on-first/-/split-on-first-1.1.0.tgz. Extracting by manifest.
129 silly tarball no local data for @react-navigation/elements@https://registry.npmjs.org/@react-navigation/elements/-/elements-1.3.3.tgz. Extracting by manifest.
130 silly tarball no local data for filter-obj@https://registry.npmjs.org/filter-obj/-/filter-obj-1.1.0.tgz. Extracting by manifest.
131 silly tarball no local data for @react-navigation/routers@https://registry.npmjs.org/@react-navigation/routers/-/routers-6.1.0.tgz. Extracting by manifest.
132 silly tarball no local data for nanoid@https://registry.npmjs.org/nanoid/-/nanoid-3.3.3.tgz. Extracting by manifest.
133 silly tarball no local data for @react-navigation/core@https://registry.npmjs.org/@react-navigation/core/-/core-6.2.1.tgz. Extracting by manifest.
134 silly tarball no local data for react-native-safe-area-context@https://registry.npmjs.org/react-native-safe-area-context/-/react-native-safe-area-context-4.2.4.tgz. Extracting by manifest.
135 silly tarball no local data for react-native-screens@https://registry.npmjs.org/react-native-screens/-/react-native-screens-3.13.1.tgz. Extracting by manifest.
136 silly tarball no local data for @react-navigation/native@https://registry.npmjs.org/@react-navigation/native/-/native-6.0.10.tgz. Extracting by manifest.
137 silly tarball no local data for react-is@https://registry.npmjs.org/react-is/-/react-is-16.13.1.tgz. Extracting by manifest.
138 silly tarball no local data for escape-string-regexp@https://registry.npmjs.org/escape-string-regexp/-/escape-string-regexp-4.0.0.tgz. Extracting by manifest.
139 silly tarball no local data for escape-string-regexp@https://registry.npmjs.org/escape-string-regexp/-/escape-string-regexp-4.0.0.tgz. Extracting by manifest.
140 silly tarball no local data for @react-navigation/native-stack@https://registry.npmjs.org/@react-navigation/native-stack/-/native-stack-6.6.1.tgz. Extracting by manifest.
141 http fetch GET 200 https://registry.npmjs.org/warn-once/-/warn-once-0.1.0.tgz 136ms (cache miss)
142 timing reifyNode:node_modules/warn-once Completed in 153ms
143 http fetch GET 200 https://registry.npmjs.org/react-freeze/-/react-freeze-1.0.0.tgz 142ms (cache miss)
144 timing reifyNode:node_modules/react-freeze Completed in 157ms
145 http fetch POST 200 https://registry.npmjs.org/-/npm/v1/security/advisories/bulk 170ms
146 timing auditReport:getReport Completed in 181ms
147 silly audit report {}
148 timing auditReport:init Completed in 0ms
149 timing reify:audit Completed in 182ms
150 http fetch GET 200 https://registry.npmjs.org/split-on-first/-/split-on-first-1.1.0.tgz 143ms (cache miss)
151 timing reifyNode:node_modules/split-on-first Completed in 169ms
152 http fetch GET 200 https://registry.npmjs.org/strict-uri-encode/-/strict-uri-encode-2.0.0.tgz 150ms (cache miss)
153 timing reifyNode:node_modules/strict-uri-encode Completed in 172ms
154 http fetch GET 200 https://registry.npmjs.org/query-string/-/query-string-7.1.1.tgz 158ms (cache miss)
155 timing reifyNode:node_modules/query-string Completed in 177ms
156 http fetch GET 200 https://registry.npmjs.org/escape-string-regexp/-/escape-string-regexp-4.0.0.tgz 129ms (cache miss)
157 timing reifyNode:node_modules/@react-navigation/core/node_modules/escape-string-regexp Completed in 191ms
158 http fetch GET 200 https://registry.npmjs.org/escape-string-regexp/-/escape-string-regexp-4.0.0.tgz 139ms (cache miss)
159 timing reifyNode:node_modules/@react-navigation/native/node_modules/escape-string-regexp Completed in 198ms
160 http fetch GET 200 https://registry.npmjs.org/filter-obj/-/filter-obj-1.1.0.tgz 189ms (cache miss)
161 timing reifyNode:node_modules/filter-obj Completed in 219ms
162 http fetch GET 200 https://registry.npmjs.org/react-is/-/react-is-16.13.1.tgz 195ms (cache miss)
163 timing reifyNode:node_modules/@react-navigation/core/node_modules/react-is Completed in 253ms
164 http fetch GET 200 https://registry.npmjs.org/nanoid/-/nanoid-3.3.3.tgz 237ms (cache miss)
165 timing reifyNode:node_modules/nanoid Completed in 271ms
166 http fetch GET 200 https://registry.npmjs.org/@react-navigation/routers/-/routers-6.1.0.tgz 373ms (cache miss)
167 timing reifyNode:node_modules/@react-navigation/routers Completed in 404ms
168 http fetch GET 200 https://registry.npmjs.org/@react-navigation/native/-/native-6.0.10.tgz 439ms (cache miss)
169 timing reifyNode:node_modules/@react-navigation/native Completed in 486ms
170 http fetch GET 200 https://registry.npmjs.org/react-native-safe-area-context/-/react-native-safe-area-context-4.2.4.tgz 475ms (cache miss)
171 timing reifyNode:node_modules/react-native-safe-area-context Completed in 517ms
172 http fetch GET 200 https://registry.npmjs.org/@react-navigation/core/-/core-6.2.1.tgz 580ms (cache miss)
173 timing reifyNode:node_modules/@react-navigation/core Completed in 621ms
174 http fetch GET 200 https://registry.npmjs.org/@react-navigation/native-stack/-/native-stack-6.6.1.tgz 566ms (cache miss)
175 timing reifyNode:node_modules/@react-navigation/native-stack Completed in 631ms
176 http fetch GET 200 https://registry.npmjs.org/@react-navigation/elements/-/elements-1.3.3.tgz 609ms (cache miss)
177 timing reifyNode:node_modules/@react-navigation/elements Completed in 636ms
178 http fetch GET 200 https://registry.npmjs.org/react-native-screens/-/react-native-screens-3.13.1.tgz 601ms (cache miss)
179 timing reifyNode:node_modules/react-native-screens Completed in 645ms
180 timing reify:unpack Completed in 648ms
181 timing reify:unretire Completed in 1ms
182 timing build:queue Completed in 1ms
183 timing build:link:node_modules/nanoid Completed in 1ms
184 timing build:link Completed in 2ms
185 timing build:deps Completed in 3ms
186 timing build Completed in 3ms
187 timing reify:build Completed in 4ms
188 timing reify:trash Completed in 0ms
189 timing reify:save Completed in 171ms
190 timing reify Completed in 4189ms
191 silly ADD node_modules/react-freeze
192 silly ADD node_modules/strict-uri-encode
193 silly ADD node_modules/split-on-first
194 silly ADD node_modules/filter-obj
195 silly ADD node_modules/warn-once
196 silly ADD node_modules/@react-navigation/elements
197 silly ADD node_modules/query-string
198 silly ADD node_modules/@react-navigation/routers
199 silly ADD node_modules/nanoid
200 silly ADD node_modules/@react-navigation/core
201 silly ADD node_modules/@react-navigation/core/node_modules/react-is
202 silly ADD node_modules/@react-navigation/core/node_modules/escape-string-regexp
203 silly ADD node_modules/react-native-screens
204 silly ADD node_modules/react-native-safe-area-context
205 silly ADD node_modules/@react-navigation/native-stack
206 silly ADD node_modules/@react-navigation/native
207 silly ADD node_modules/@react-navigation/native/node_modules/escape-string-regexp
208 timing command:install Completed in 4200ms
209 verbose exit 0
210 timing npm Completed in 4272ms
211 info ok
