0 verbose cli /usr/local/bin/node /usr/local/bin/npm
1 info using npm@8.7.0
2 info using node@v16.14.2
3 timing npm:load:whichnode Completed in 0ms
4 timing config:load:defaults Completed in 1ms
5 timing config:load:file:/usr/local/lib/node_modules/npm/npmrc Completed in 1ms
6 timing config:load:builtin Completed in 1ms
7 timing config:load:cli Completed in 1ms
8 timing config:load:env Completed in 1ms
9 timing config:load:file:/Users/ajfunari/Github/React/.npmrc Completed in 0ms
10 timing config:load:project Completed in 2ms
11 timing config:load:file:/Users/ajfunari/.npmrc Completed in 0ms
12 timing config:load:user Completed in 0ms
13 timing config:load:file:/usr/local/etc/npmrc Completed in 2ms
14 timing config:load:global Completed in 2ms
15 timing config:load:validate Completed in 0ms
16 timing config:load:credentials Completed in 1ms
17 timing config:load:setEnvs Completed in 0ms
18 timing config:load Completed in 9ms
19 timing npm:load:configload Completed in 9ms
20 timing npm:load:mkdirpcache Completed in 3ms
21 timing npm:load:mkdirplogs Completed in 0ms
22 verbose title npm install
23 verbose argv "install"
24 timing npm:load:setTitle Completed in 14ms
25 timing config:load:flatten Completed in 2ms
26 timing npm:load:display Completed in 3ms
27 verbose logfile logs-max:10 dir:/Users/ajfunari/Github/React/C:\Users\Firstname~1\AppData\Roaming\npm-cache/_logs
28 verbose logfile /Users/ajfunari/Github/React/C:\Users\Firstname~1\AppData\Roaming\npm-cache/_logs/2022-04-21T17_41_42_997Z-debug-0.log
29 timing npm:load:logFile Completed in 4ms
30 timing npm:load:timers Completed in 0ms
31 timing npm:load:configScope Completed in 0ms
32 timing npm:load Completed in 33ms
33 timing arborist:ctor Completed in 0ms
34 silly logfile done cleaning log files
35 timing idealTree:init Completed in 17ms
36 timing idealTree:userRequests Completed in 0ms
37 silly idealTree buildDeps
38 timing idealTree:#root Completed in 0ms
39 timing idealTree:buildDeps Completed in 1ms
40 timing idealTree:fixDepFlags Completed in 1ms
41 timing idealTree Completed in 19ms
42 timing reify:loadTrees Completed in 21ms
43 timing reify:diffTrees Completed in 1ms
44 silly reify moves {}
45 timing reify:retireShallow Completed in 1ms
46 timing reify:createSparse Completed in 2ms
47 timing reify:loadBundles Completed in 0ms
48 silly audit bulk request {
48 silly audit   'js-tokens': [ '4.0.0' ],
48 silly audit   'loose-envify': [ '1.4.0' ],
48 silly audit   react: [ '18.0.0' ],
48 silly audit   'react-dom': [ '18.0.0' ],
48 silly audit   scheduler: [ '0.21.0' ]
48 silly audit }
49 silly tarball no local data for scheduler@https://registry.npmjs.org/scheduler/-/scheduler-0.21.0.tgz. Extracting by manifest.
50 silly tarball no local data for loose-envify@https://registry.npmjs.org/loose-envify/-/loose-envify-1.4.0.tgz. Extracting by manifest.
51 silly tarball no local data for react-dom@https://registry.npmjs.org/react-dom/-/react-dom-18.0.0.tgz. Extracting by manifest.
52 silly tarball no local data for react@https://registry.npmjs.org/react/-/react-18.0.0.tgz. Extracting by manifest.
53 silly tarball no local data for js-tokens@https://registry.npmjs.org/js-tokens/-/js-tokens-4.0.0.tgz. Extracting by manifest.
54 http fetch GET 200 https://registry.npmjs.org/loose-envify/-/loose-envify-1.4.0.tgz 209ms (cache miss)
55 timing reifyNode:node_modules/loose-envify Completed in 239ms
56 http fetch POST 200 https://registry.npmjs.org/-/npm/v1/security/advisories/bulk 247ms
57 timing auditReport:getReport Completed in 249ms
58 silly audit report {}
59 timing auditReport:init Completed in 0ms
60 timing reify:audit Completed in 250ms
61 http fetch GET 200 https://registry.npmjs.org/js-tokens/-/js-tokens-4.0.0.tgz 212ms (cache miss)
62 timing reifyNode:node_modules/js-tokens Completed in 254ms
63 http fetch GET 200 https://registry.npmjs.org/scheduler/-/scheduler-0.21.0.tgz 241ms (cache miss)
64 timing reifyNode:node_modules/scheduler Completed in 267ms
65 http fetch GET 200 https://registry.npmjs.org/react/-/react-18.0.0.tgz 246ms (cache miss)
66 timing reifyNode:node_modules/react Completed in 283ms
67 http fetch GET 200 https://registry.npmjs.org/react-dom/-/react-dom-18.0.0.tgz 324ms (cache miss)
68 timing reifyNode:node_modules/react-dom Completed in 358ms
69 timing reify:unpack Completed in 358ms
70 timing reify:unretire Completed in 0ms
71 timing build:queue Completed in 4ms
72 timing build:link:node_modules/loose-envify Completed in 4ms
73 timing build:link Completed in 4ms
74 timing build:deps Completed in 8ms
75 timing build Completed in 8ms
76 timing reify:build Completed in 9ms
77 timing reify:trash Completed in 0ms
78 timing reify:save Completed in 7ms
79 timing reify Completed in 413ms
80 silly ADD node_modules/scheduler
81 silly ADD node_modules/react-dom
82 silly ADD node_modules/react
83 silly ADD node_modules/loose-envify
84 silly ADD node_modules/js-tokens
85 timing command:install Completed in 420ms
86 verbose exit 0
87 timing npm Completed in 505ms
88 info ok
