0 verbose cli /usr/local/bin/node /usr/local/lib/node_modules/npm/bin/npm-cli.js
1 info using npm@8.7.0
2 info using node@v16.14.2
3 timing npm:load:whichnode Completed in 0ms
4 timing config:load:defaults Completed in 1ms
5 timing config:load:file:/usr/local/lib/node_modules/npm/npmrc Completed in 1ms
6 timing config:load:builtin Completed in 1ms
7 timing config:load:cli Completed in 1ms
8 timing config:load:env Completed in 0ms
9 timing config:load:file:/Users/ajfunari/Github/React/.npmrc Completed in 0ms
10 timing config:load:project Completed in 6ms
11 timing config:load:file:/Users/ajfunari/.npmrc Completed in 0ms
12 timing config:load:user Completed in 0ms
13 timing config:load:file:/usr/local/etc/npmrc Completed in 1ms
14 timing config:load:global Completed in 1ms
15 timing config:load:validate Completed in 1ms
16 timing config:load:credentials Completed in 0ms
17 timing config:load:setEnvs Completed in 1ms
18 timing config:load Completed in 12ms
19 timing npm:load:configload Completed in 12ms
20 timing npm:load:mkdirpcache Completed in 1ms
21 timing npm:load:mkdirplogs Completed in 0ms
22 verbose title npm exec install
23 verbose argv "exec" "--" "install"
24 timing npm:load:setTitle Completed in 15ms
25 timing config:load:flatten Completed in 2ms
26 timing npm:load:display Completed in 3ms
27 verbose logfile logs-max:10 dir:/Users/ajfunari/Github/React/C:\Users\Firstname~1\AppData\Roaming\npm-cache/_logs
28 verbose logfile /Users/ajfunari/Github/React/C:\Users\Firstname~1\AppData\Roaming\npm-cache/_logs/2022-04-21T17_41_33_041Z-debug-0.log
29 timing npm:load:logFile Completed in 4ms
30 timing npm:load:timers Completed in 0ms
31 timing npm:load:configScope Completed in 0ms
32 timing npm:load Completed in 36ms
33 silly logfile done cleaning log files
34 http fetch GET 200 https://registry.npmjs.org/install 218ms (cache miss)
35 timing command:exec Completed in 226ms
36 verbose stack Error: could not determine executable to run
36 verbose stack     at getBinFromManifest (/usr/local/lib/node_modules/npm/node_modules/libnpmexec/lib/get-bin-from-manifest.js:17:23)
36 verbose stack     at exec (/usr/local/lib/node_modules/npm/node_modules/libnpmexec/lib/index.js:114:15)
36 verbose stack     at async module.exports (/usr/local/lib/node_modules/npm/lib/cli.js:78:5)
37 verbose pkgid install@0.13.0
38 verbose cwd /Users/ajfunari/Github/React
39 verbose Darwin 21.4.0
40 verbose node v16.14.2
41 verbose npm  v8.7.0
42 error could not determine executable to run
43 verbose exit 1
44 timing npm Completed in 375ms
45 verbose code 1
46 error A complete log of this run can be found in:
46 error     /Users/ajfunari/Github/React/C:\Users\Firstname~1\AppData\Roaming\npm-cache/_logs/2022-04-21T17_41_33_041Z-debug-0.log
