0 verbose cli /usr/local/bin/node /usr/local/bin/npm
1 info using npm@8.7.0
2 info using node@v16.14.2
3 timing npm:load:whichnode Completed in 1ms
4 timing config:load:defaults Completed in 2ms
5 timing config:load:file:/usr/local/lib/node_modules/npm/npmrc Completed in 0ms
6 timing config:load:builtin Completed in 1ms
7 timing config:load:cli Completed in 1ms
8 timing config:load:env Completed in 1ms
9 timing config:load:file:/private/var/folders/_m/dfv33dhj3h513b9rdylwt4_m0000gn/T/rncli-init-template-BjqaKj/.npmrc Completed in 0ms
10 timing config:load:project Completed in 4ms
11 timing config:load:file:/Users/ajfunari/.npmrc Completed in 0ms
12 timing config:load:user Completed in 0ms
13 timing config:load:file:/usr/local/etc/npmrc Completed in 1ms
14 timing config:load:global Completed in 1ms
15 timing config:load:validate Completed in 1ms
16 timing config:load:credentials Completed in 0ms
17 timing config:load:setEnvs Completed in 1ms
18 timing config:load Completed in 12ms
19 timing npm:load:configload Completed in 12ms
20 timing npm:load:mkdirpcache Completed in 1ms
21 timing npm:load:mkdirplogs Completed in 0ms
22 verbose title npm init
23 verbose argv "init" "--yes"
24 timing npm:load:setTitle Completed in 17ms
25 timing config:load:flatten Completed in 3ms
26 timing npm:load:display Completed in 3ms
27 verbose logfile logs-max:10 dir:/Users/ajfunari/Github/React/C:\Users\Firstname~1\AppData\Roaming\npm-cache/_logs
28 verbose logfile /Users/ajfunari/Github/React/C:\Users\Firstname~1\AppData\Roaming\npm-cache/_logs/2022-04-22T22_27_24_666Z-debug-0.log
29 timing npm:load:logFile Completed in 5ms
30 timing npm:load:timers Completed in 0ms
31 timing npm:load:configScope Completed in 0ms
32 timing npm:load Completed in 39ms
33 silly logfile done cleaning log files
34 silly package data {
34 silly package data   name: 'rncli-init-template-bjqakj',
34 silly package data   version: '1.0.0',
34 silly package data   description: '',
34 silly package data   main: 'index.js',
34 silly package data   scripts: { test: 'echo "Error: no test specified" && exit 1' },
34 silly package data   keywords: [],
34 silly package data   author: '',
34 silly package data   license: 'ISC'
34 silly package data }
35 info init written successfully
36 timing command:init Completed in 21ms
37 verbose exit 0
38 timing npm Completed in 130ms
39 info ok
